<?xml version="1.0" encoding="UTF-8"?>
<!-- Generated by org.testng.reporters.JUnitReportReporter -->
<testsuite skipped="0" hostname="Satishs-iMac.local" name="com.qa.tiatros.registration.testcase.TC011" tests="1" failures="0" timestamp="09 Sep 2019 10:39:22 GMT" time="34.358" errors="0">
  <testcase name="click_userfactspage_after_SignIN" time="34.358" classname="com.qa.tiatros.registration.testcase.TC011"/>
</testsuite> <!-- com.qa.tiatros.registration.testcase.TC011 -->
