<?xml version="1.0" encoding="UTF-8"?>
<!-- Generated by org.testng.reporters.JUnitReportReporter -->
<testsuite skipped="0" hostname="Satishs-iMac.local" name="com.qa.tiatros.signIn.testcase.TC011" tests="1" failures="0" timestamp="06 Feb 2020 09:11:42 GMT" time="38.546" errors="0">
  <testcase name="tc011_signIN" time="38.546" classname="com.qa.tiatros.signIn.testcase.TC011"/>
</testsuite> <!-- com.qa.tiatros.signIn.testcase.TC011 -->
