<?xml version="1.0" encoding="UTF-8"?>
<!-- Generated by org.testng.reporters.JUnitReportReporter -->
<testsuite skipped="0" hostname="AnuKrish" name="com.qa.tiatros.messaging.testcase.TC008" tests="1" failures="0" timestamp="30 Jun 2020 09:51:45 GMT" time="50.743" errors="0">
  <testcase name="messagePostFromJMFSection" time="50.743" classname="com.qa.tiatros.messaging.testcase.TC008"/>
</testsuite> <!-- com.qa.tiatros.messaging.testcase.TC008 -->
