<?xml version="1.0" encoding="UTF-8"?>
<!-- Generated by org.testng.reporters.JUnitReportReporter -->
<testsuite skipped="0" hostname="Satishs-iMac.local" name="com.qa.tiatros.signIn.testcase.TC003" tests="1" failures="0" timestamp="06 Feb 2020 09:11:42 GMT" time="16.606" errors="0">
  <testcase name="tc003_signIN" time="16.606" classname="com.qa.tiatros.signIn.testcase.TC003"/>
</testsuite> <!-- com.qa.tiatros.signIn.testcase.TC003 -->
