<?xml version="1.0" encoding="UTF-8"?>
<!-- Generated by org.testng.reporters.JUnitReportReporter -->
<testsuite skipped="0" hostname="AnuKrish" name="com.qa.tiatros.gratitudeJournal.testcase.TC05" tests="1" failures="0" timestamp="29 Jun 2020 12:58:00 GMT" time="37.941" errors="0">
  <testcase name="validateBlankPost" time="37.941" classname="com.qa.tiatros.gratitudeJournal.testcase.TC05"/>
</testsuite> <!-- com.qa.tiatros.gratitudeJournal.testcase.TC05 -->
