<?xml version="1.0" encoding="UTF-8"?>
<!-- Generated by org.testng.reporters.JUnitReportReporter -->
<testsuite skipped="0" hostname="Satishs-iMac.local" name="com.qa.tiatros.testcase.AddGratitudeJournalTest" tests="1" failures="0" timestamp="30 Jan 2020 10:44:28 GMT" time="28.708" errors="0">
  <testcase name="addMultipleMessagePost" time="28.708" classname="com.qa.tiatros.testcase.AddGratitudeJournalTest"/>
</testsuite> <!-- com.qa.tiatros.testcase.AddGratitudeJournalTest -->
