<?xml version="1.0" encoding="UTF-8"?>
<!-- Generated by org.testng.reporters.JUnitReportReporter -->
<testsuite skipped="0" hostname="Satishs-iMac.local" name="com.qa.tiatros.registration.testcase.TC009" tests="1" failures="0" timestamp="09 Sep 2019 10:39:22 GMT" time="37.195" errors="0">
  <testcase name="click_gad7page_after_SignIN" time="37.195" classname="com.qa.tiatros.registration.testcase.TC009"/>
</testsuite> <!-- com.qa.tiatros.registration.testcase.TC009 -->
