<?xml version="1.0" encoding="UTF-8"?>
<!-- Generated by org.testng.reporters.JUnitReportReporter -->
<testsuite skipped="0" hostname="Satishs-iMac.local" name="com.qa.tiatros.registration.testcase.TC008" tests="1" failures="0" timestamp="09 Sep 2019 10:39:22 GMT" time="40.210" errors="0">
  <testcase name="click_phq15page_after_SignIN" time="40.210" classname="com.qa.tiatros.registration.testcase.TC008"/>
</testsuite> <!-- com.qa.tiatros.registration.testcase.TC008 -->
