<?xml version="1.0" encoding="UTF-8"?>
<!-- Generated by org.testng.reporters.JUnitReportReporter -->
<testsuite skipped="0" hostname="AnuKrish" name="com.qa.tiatros.messaging.testcase.TC005" tests="1" failures="0" timestamp="30 Jun 2020 09:51:45 GMT" time="43.136" errors="0">
  <testcase name="clickAll4Notification" time="43.136" classname="com.qa.tiatros.messaging.testcase.TC005"/>
</testsuite> <!-- com.qa.tiatros.messaging.testcase.TC005 -->
