<?xml version="1.0" encoding="UTF-8"?>
<!-- Generated by org.testng.reporters.JUnitReportReporter -->
<testsuite skipped="0" hostname="AnuKrish" name="com.qa.tiatros.messaging.testcase.TC014" tests="1" failures="0" timestamp="30 Jun 2020 09:51:45 GMT" time="107.596" errors="0">
  <testcase name="userPersonalProgressSection" time="107.596" classname="com.qa.tiatros.messaging.testcase.TC014"/>
</testsuite> <!-- com.qa.tiatros.messaging.testcase.TC014 -->
