<?xml version="1.0" encoding="UTF-8"?>
<!-- Generated by org.testng.reporters.JUnitReportReporter -->
<testsuite skipped="0" hostname="AnuKrish" name="com.qa.tiatros.regressionSuite.testcase.TC05" tests="1" failures="0" timestamp="13 Jul 2020 13:23:30 GMT" time="60.473" errors="0">
  <testcase name="regression_TC05" time="60.473" classname="com.qa.tiatros.regressionSuite.testcase.TC05"/>
</testsuite> <!-- com.qa.tiatros.regressionSuite.testcase.TC05 -->
