<?xml version="1.0" encoding="UTF-8"?>
<!-- Generated by org.testng.reporters.JUnitReportReporter -->
<testsuite skipped="0" hostname="AnuKrish" name="com.qa.tiatros.modertor.testcase.TC01" tests="1" failures="0" timestamp="27 Apr 2020 12:09:22 GMT" time="53.074" errors="0">
  <testcase name="review_goal_setting_color" time="53.074" classname="com.qa.tiatros.modertor.testcase.TC01"/>
</testsuite> <!-- com.qa.tiatros.modertor.testcase.TC01 -->
