<?xml version="1.0" encoding="UTF-8"?>
<!-- Generated by org.testng.reporters.JUnitReportReporter -->
<testsuite skipped="0" hostname="Satishs-iMac.local" name="com.qa.tiatros.signIn.testcase.TC001" tests="5" failures="0" timestamp="24 Jul 2019 11:01:44 GMT" time="90.866" errors="0">
  <testcase name="tc001_signIN" time="19.958" classname="com.qa.tiatros.signIn.testcase.TC001"/>
  <testcase name="tc001_signIN" time="18.798" classname="com.qa.tiatros.signIn.testcase.TC001"/>
  <testcase name="tc001_signIN" time="17.846" classname="com.qa.tiatros.signIn.testcase.TC001"/>
  <testcase name="tc001_signIN" time="13.085" classname="com.qa.tiatros.signIn.testcase.TC001"/>
  <testcase name="tc001_signIN" time="21.179" classname="com.qa.tiatros.signIn.testcase.TC001"/>
</testsuite> <!-- com.qa.tiatros.signIn.testcase.TC001 -->
