<?xml version="1.0" encoding="UTF-8"?>
<!-- Generated by org.testng.reporters.JUnitReportReporter -->
<testsuite skipped="0" hostname="AnuKrish" name="com.qa.tiatros.cisis.registration.testcase.TC01" tests="1" failures="0" timestamp="08 Mar 2021 09:30:22 GMT" time="162.788" errors="0">
  <testcase name="registrationFlow_TC01" time="162.788" classname="com.qa.tiatros.cisis.registration.testcase.TC01"/>
</testsuite> <!-- com.qa.tiatros.cisis.registration.testcase.TC01 -->
