<?xml version="1.0" encoding="UTF-8"?>
<!-- Generated by org.testng.reporters.JUnitReportReporter -->
<testsuite skipped="0" hostname="AnuKrish" name="com.qa.tiatros.gratitudeJournal.testcase.TC04" tests="3" failures="0" timestamp="29 Jun 2020 12:58:00 GMT" time="105.338" errors="0">
  <testcase name="addMultiPost_World" time="34.727" classname="com.qa.tiatros.gratitudeJournal.testcase.TC04"/>
  <testcase name="addMultiPost_World" time="34.539" classname="com.qa.tiatros.gratitudeJournal.testcase.TC04"/>
  <testcase name="addMultiPost_World" time="36.072" classname="com.qa.tiatros.gratitudeJournal.testcase.TC04"/>
</testsuite> <!-- com.qa.tiatros.gratitudeJournal.testcase.TC04 -->
