<?xml version="1.0" encoding="UTF-8"?>
<!-- Generated by org.testng.reporters.JUnitReportReporter -->
<testsuite skipped="0" hostname="AnuKrish" name="com.qa.tiatros.regressionSuite.testcase.TC02" tests="1" failures="0" timestamp="13 Jul 2020 13:11:31 GMT" time="41.025" errors="0">
  <testcase name="regression_TC02" time="41.025" classname="com.qa.tiatros.regressionSuite.testcase.TC02"/>
</testsuite> <!-- com.qa.tiatros.regressionSuite.testcase.TC02 -->
