<?xml version="1.0" encoding="UTF-8"?>
<!-- Generated by org.testng.reporters.JUnitReportReporter -->
<testsuite skipped="0" hostname="Satishs-iMac.local" name="com.qa.tiatros.registration.testcase.TC010" tests="1" failures="0" timestamp="09 Sep 2019 10:39:22 GMT" time="32.577" errors="0">
  <testcase name="click_StressInventorypage_after_SignIN" time="32.577" classname="com.qa.tiatros.registration.testcase.TC010"/>
</testsuite> <!-- com.qa.tiatros.registration.testcase.TC010 -->
