<?xml version="1.0" encoding="UTF-8"?>
<!-- Generated by org.testng.reporters.JUnitReportReporter -->
<testsuite skipped="0" hostname="AnuKrish" name="com.qa.tiatros.messaging.testcase.TC002" tests="1" failures="0" timestamp="30 Jun 2020 09:51:45 GMT" time="61.081" errors="0">
  <testcase name="upLoadImage" time="61.081" classname="com.qa.tiatros.messaging.testcase.TC002"/>
</testsuite> <!-- com.qa.tiatros.messaging.testcase.TC002 -->
