<?xml version="1.0" encoding="UTF-8"?>
<!-- Generated by org.testng.reporters.JUnitReportReporter -->
<testsuite skipped="0" hostname="AnuKrish" name="com.qa.tiatros.regressionSuite.testcase.TC03" tests="1" failures="0" timestamp="13 Jul 2020 13:18:46 GMT" time="54.806" errors="0">
  <testcase name="regression_TC03" time="54.806" classname="com.qa.tiatros.regressionSuite.testcase.TC03"/>
</testsuite> <!-- com.qa.tiatros.regressionSuite.testcase.TC03 -->
