<?xml version="1.0" encoding="UTF-8"?>
<!-- Generated by org.testng.reporters.JUnitReportReporter -->
<testsuite skipped="0" hostname="AnuKrish" name="com.qa.tiatros.regressionSuite.testcase.TC01" tests="1" failures="0" timestamp="13 Jul 2020 13:10:18 GMT" time="40.091" errors="0">
  <testcase name="regression_TC01" time="40.091" classname="com.qa.tiatros.regressionSuite.testcase.TC01"/>
</testsuite> <!-- com.qa.tiatros.regressionSuite.testcase.TC01 -->
