<?xml version="1.0" encoding="UTF-8"?>
<!-- Generated by org.testng.reporters.JUnitReportReporter -->
<testsuite skipped="0" hostname="Satishs-iMac.local" name="com.qa.tiatros.signIn.testcase.TC009" tests="1" failures="0" timestamp="06 Feb 2020 09:11:42 GMT" time="34.118" errors="0">
  <testcase name="tc009_signIN" time="34.118" classname="com.qa.tiatros.signIn.testcase.TC009"/>
</testsuite> <!-- com.qa.tiatros.signIn.testcase.TC009 -->
