<?xml version="1.0" encoding="UTF-8"?>
<!-- Generated by org.testng.reporters.JUnitReportReporter -->
<testsuite skipped="3" hostname="Satishs-iMac.local" name="com.qa.tiatros.registration.testcase.DashboardTest" tests="4" failures="0" timestamp="27 Aug 2019 06:36:18 GMT" time="253.005" errors="0">
  <testcase name="dashboard_Click_All" time="253.005" classname="com.qa.tiatros.registration.testcase.DashboardTest"/>
  <testcase name="click_Phq9Page" classname="com.qa.tiatros.registration.testcase.DashboardTest">
    <skipped/>
  </testcase> <!-- click_Phq9Page -->
  <testcase name="click_Gad7Page" classname="com.qa.tiatros.registration.testcase.DashboardTest">
    <skipped/>
  </testcase> <!-- click_Gad7Page -->
  <testcase name="dashboard_Click_All_Phone" classname="com.qa.tiatros.registration.testcase.DashboardTest">
    <skipped/>
  </testcase> <!-- dashboard_Click_All_Phone -->
</testsuite> <!-- com.qa.tiatros.registration.testcase.DashboardTest -->
