<?xml version="1.0" encoding="UTF-8"?>
<!-- Generated by org.testng.reporters.JUnitReportReporter -->
<testsuite skipped="0" hostname="Satishs-iMac.local" name="com.qa.tiatros.registration.testcase.TC013" tests="1" failures="0" timestamp="09 Sep 2019 10:39:22 GMT" time="96.655" errors="0">
  <testcase name="registration_with_NotifySubmitButton" time="96.655" classname="com.qa.tiatros.registration.testcase.TC013"/>
</testsuite> <!-- com.qa.tiatros.registration.testcase.TC013 -->
