<?xml version="1.0" encoding="UTF-8"?>
<!-- Generated by org.testng.reporters.JUnitReportReporter -->
<testsuite skipped="0" hostname="Satishs-iMac.local" name="com.qa.tiatros.signIn.testcase.TC006" tests="1" failures="0" timestamp="06 Feb 2020 09:11:42 GMT" time="14.732" errors="0">
  <testcase name="tc006_signIN" time="14.732" classname="com.qa.tiatros.signIn.testcase.TC006"/>
</testsuite> <!-- com.qa.tiatros.signIn.testcase.TC006 -->
