<?xml version="1.0" encoding="UTF-8"?>
<!-- Generated by org.testng.reporters.JUnitReportReporter -->
<testsuite skipped="0" hostname="Satishs-iMac.local" name="com.qa.tiatros.returnuser.testcase.ReturnUserRegistration" tests="1" failures="0" timestamp="26 Aug 2019 10:39:45 GMT" time="187.552" errors="0">
  <testcase name="return_user_dashboard_Click_All" time="187.552" classname="com.qa.tiatros.returnuser.testcase.ReturnUserRegistration"/>
</testsuite> <!-- com.qa.tiatros.returnuser.testcase.ReturnUserRegistration -->
