<?xml version="1.0" encoding="UTF-8"?>
<!-- Generated by org.testng.reporters.JUnitReportReporter -->
<testsuite skipped="0" hostname="Satishs-iMac.local" name="com.qa.tiatros.testcase.ReturnUserRegistration" tests="1" failures="0" timestamp="20 Aug 2019 11:58:38 GMT" time="191.932" errors="0">
  <testcase name="return_user_dashboard_Click_All" time="191.932" classname="com.qa.tiatros.testcase.ReturnUserRegistration"/>
</testsuite> <!-- com.qa.tiatros.testcase.ReturnUserRegistration -->
